블로그 검색 중: 푸꾸옥 맛집
  링크 28개, 시간 30개 발견
  ✓ 16분 전 | 푸꾸옥 즈엉동 맛집 킹콩마트 근처 비엣키친
  ✓ 4시간 전 | 푸꾸옥 중부 맛집│똠하우스 랍스타 내돈내산 솔직후기
  ✓ 1시간 전 | 선시아 언시드 타운푸꾸옥 아파트의 매력
  ✓ 1일 전 | 푸꾸옥 윈덤 그랜드 vs 가든 올인클루시브 솔직 비교 가이드
  ✓ 1일 전 | 머틀 부티크 호텔 푸꾸옥 소개와 이용 후기
  ✓ 16분 전 | 베트남 eSIM 5G 하노이 푸꾸옥 나트랑 실제 사용 후기
  ✓ 1일 전 | [부산 출발 / 푸꾸옥 도착] 내 맘대로 디자인하는 완벽한 호캉스! 베트
  ✓ 13시간 전 | 푸꾸옥 공항에서 즈엉동 야시장 택시비
  ✓ 5시간 전 | 뫼벤픽 빌라 & 레지던스 푸꾸옥 트립닷컴 핫딜 특가 예약하기!
  ✓ 1일 전 | 3월 베트남 푸꾸옥 여행 : Day 3 / 남부코스 썬셋타운(음식점 추천
  ✓ 53분 전 | 푸꾸옥 가볼만한곳 홈쇼핑 여행상품 대신 선택한 3박 4일 후기
  ✓ 1일 전 | 노보텔 푸꾸옥 리조트 트립닷컴 핫딜 특가 예약하기!
  ✓ 1일 전 | [푸꾸옥 패키지 후기] 최저가로 다녀왔는데 바구니배부터 전신 마사지까지 
  ✓ 1일 전 | [베트남 푸꾸옥 차량픽업] 우기 건기 날씨별 자유여행 이동 준비 팁
  ✓ 1일 전 | 호치민에서 푸꾸옥 비행기 비엣젯 항공 후기
  ✓ 2시간 전 | 베트남의 숨겨진 보석 푸꾸옥(Phu Quoc)에서 행복한 여행 즐기기
  ✓ 6시간 전 | 베트남 나트랑 다낭 푸꾸옥 호치민 로컬망 비나폰 500MB 사용 리뷰
  ✓ 1일 전 | 푸꾸옥 크레이지 파티 호핑투어 가격 스노쿨링 준비물 예약 후기
  ✓ 1일 전 | 베트남 푸꾸옥 1일차 저녁 [Bong BBQ] & 종합마트 [비비마트] 
  ✓ 1일 전 | 푸꾸옥 나트랑 비나폰 이심 사용 후기
  ✓ 5시간 전 | V-럭셔리 빌라 푸꾸옥 트립닷컴 핫딜 특가 예약하기!
  ✓ 1일 전 | 푸꾸옥 소나시 야시장 미스터씨푸드 추천, 킹콩마트 소나시 후기
  ✓ 1일 전 | 푸꾸옥 빈펄사파리 vip 투어 빈원더스 아이랑 베트남 가족여행
  ✓ 10시간 전 | 베트남 eSIM 나트랑 다낭 푸꾸옥 하노이 5G 후기
  ✓ 1일 전 | 푸꾸옥_1[20260527~20260601]
  ✓ 1일 전 | 푸꾸옥 아이와 여행 2일차 #1 | 빈사파리 주키퍼(꼬마사육사) 예약방법
  ✓ 1일 전 | 푸꾸옥 남부 반쎄오 꾸어이 2｜반깐게(Bánh Canh Ghẹ)·반쎄오(
  ✓ 53분 전 | 푸꾸옥 리젠트 리조트 스파 마사지 스위트 가격
카페 검색 중: 푸꾸옥 맛집
  ✓ 4분 전 | [
  ✓ 5분 전 | 출석합니다! 오늘도 파이팅~
  ✓ 7분 전 | 사파리 실시간임다
  ✓ 8분 전 | 혼여의 여유를 잠시나마 간접경험했던 마지막날 나트랑 씀모이시장과 도깨비제
  ✓ 8분 전 | 기분전환! 사무실 데스크 꾸미기ㅋ
  ✓ 9분 전 | (제목없음)
  ✓ 12분 전 | 베트남 플레이 가입완료!
  ✓ 13분 전 | 대전 자운대 쇼핑센터
  ✓ 17분 전 | 베트남
  ✓ 20분 전 | 남부갈때 픽업 vs 그랩
  ✓ 21분 전 | 멜리아 빈펄 플로팅 트레이
  ✓ 21분 전 | 태안 시온카페~~
  ✓ 22분 전 | 다낭 혼자 밥 먹기 좋은
  ✓ 23분 전 | 렌트문의
  ✓ 27분 전 | (제목없음)
  ✓ 27분 전 | (제목없음)
  ✓ 27분 전 | (제목없음)
  ✓ 27분 전 | 동 발견!!!!나이쑤~~~하지만 항공권 어쩌죠ㅠ
  ✓ 28분 전 | 안녕하세요
  ✓ 32분 전 | 6/7 렌트카 신청
  ✓ 35분 전 | 저 오늘 생일이예요~~~
  ✓ 40분 전 | 메가밀리언당첨번호 기다려지네요 ㅋㅋㅋ
  ✓ 40분 전 | 닭발 소개할게요~
  ✓ 43분 전 | 베트남 지역별 시장 추천 모음
  ✓ 45분 전 | (제목없음)
  ✓ 45분 전 | 출첵하고 갑니다!
  ✓ 46분 전 | 요기 어때.. 폼파티 가능한 리조트들!!!
  ✓ 46분 전 | 모닝
  ✓ 49분 전 | 그랜드월드 - 카니발 페스티벌
  ✓ 52분 전 | 오늘도 출석 체크 해보아요~!!
  카페 게시글 30개 발견
[store] meokitchen/blog/푸꾸옥: +0 (총 320)
[store] meokitchen/cafe/푸꾸옥: +0 (총 320)
블로그 검색 중: 나트랑 맛집
  링크 30개, 시간 30개 발견
  ✓ 1일 전 | 초등 아이와 베트남 나트랑 여행 기록 3DAY (롯데마트ㅣ짜오마오ㅣ빈펄리
  ✓ 1일 전 | 나트랑 모벤픽 디너후기, 퀄리티 높은 BBQ와 씨푸드까지 만족스러워요
  ✓ 1일 전 | [나트랑 태교여행 #1] 하바나나트랑호텔, 센스파, 담시장, 짜오마오, 
  ✓ 6시간 전 | 나트랑 오후 시내투어 하프데이 포나가르 롱손사 4시간 순삭
  ✓ 1일 전 | 왜 또 나트랑이냐고 물으신다면 3.
  ✓ 1일 전 | 나트랑 여행 전후 묵기 좋은 캄란 호텔 추천 2곳, 공항 근처 숙소까지 
  ✓ 5시간 전 | 나트랑 나짱센터 완벽 가이드 | 롤러장·VR·네컷까지 하루 코스로 즐기는
  ✓ 1일 전 | 빈펄 엠파이어 나트랑 5성급 호텔 시내에서 가깝고 야외 수영장 있는 호텔
  ✓ 2시간 전 | 나트랑 한식당 베스트! 입에서 살살 녹는 살치살+꽃등심 투어 서울불고기
  ✓ 1일 전 | 나트랑 옷가게 골프의류 가방 지갑 쇼핑 미러 럭셔리
  ✓ 1일 전 | 베트남 유심사 eSIM 나트랑에서 그랩 잘 터질까? 솔직한 속도 후기
  ✓ 1일 전 | 오렌지투어 무안출발해외여행 ★김해공항출발★ 나트랑+달랏 3박5일 추천
  ✓ 1일 전 | 나트랑 가성비 시내 호텔 레갈리아골드 슈페리어 후기 루프탑 수영장 공항 
  ✓ 1일 전 | [나트랑깜란] 현지인 동네 '제주스파 딥티슈' 안가면 손해!! (@두리안
  ✓ 2시간 전 | 나트랑여행 한식당 깜란 스푼ㅣ배달가능·양 많고 가성비 좋은 현지 한식 맛
  ✓ 1일 전 | 2026 베트남 여행 최신 정보｜나트랑 관광객 폭증, 달랏 우기 주의사항
  ✓ 1일 전 | 나트랑 마지막날 아이열이슈 차렌트 카피바라 동물카페 담시장 롯데마트 깜란
  ✓ 1일 전 | 이비스 스타일 나트랑 조식 수영장 후기 트립닷컴 8월 9일까지 특가
  ✓ 1일 전 | 나트랑 가족여행 가기 좋은 베트남 가정식 비벳꾸안
  ✓ 12시간 전 | 여름 동남아 여행지 추천 나트랑 여행 시기 코스 짱짱맨
  ✓ 1일 전 | 나트랑 쇼핑샵 '키사 수베니어(KISA SOUVENIRS)' 쇼핑목록 추
  ✓ 1일 전 | 나트랑 한식당 시내 오봉집 메뉴 가격 배달 가능
  ✓ 1일 전 | 나트랑 자유여행. 아침 러닝 하다가 우연히 발견한 보석 같은 로컬 카페,
  ✓ 1일 전 | 나트랑 7월 날씨! 여행 옷차림 가볼만한곳
  ✓ 1일 전 | 나트랑 하이디라오 오션뷰 후기 혼자 가도 좋은 훠궈맛집
  ✓ 6분 전 | 나트랑 혼총곶 근처 맛집 추천 콴응온도 레스토랑 메뉴 할인쿠폰 오션뷰 후
  ✓ 6시간 전 | 나트랑 시내 관광코스 부모님과 대가족 여행 6시간 렌트카로 다녀온 반나절
  ✓ 1일 전 | 나트랑 여행 에어컨 해산물 맛집 호앙사레스토랑, 오징어 갈릭새우
  ✓ 1일 전 | 나트랑 여행 6월 7월 날씨 옷차림 준비물 유심사 eSIM
  ✓ 4시간 전 | 나트랑 스노쿨링 호핑투어 추천, 레이비치에서 즐기는 프라이빗한 바다 여행
카페 검색 중: 나트랑 맛집
  ✓ 2분 전 | 오늘 새벽 영화 한편 봤네요
  ✓ 3분 전 | 점메추! 매운철판돈까스
  ✓ 4분 전 | [푸꾸옥] 트래블카드 신청 합니다
  ✓ 4분 전 | 이제 해야할일..
  ✓ 4분 전 | 태교여행으로 사막투어
  ✓ 5분 전 | 휴일은 폭식의 날이었습니다 ㅋㅋㅋㅋ
  ✓ 5분 전 | ⛅소소리만추 # 저 내일 건강검진해요
  ✓ 6분 전 | 요즘 수박이 제철 달달✨하고 맛있어요
  ✓ 6분 전 | 그란멜리아 3베드룸 러쉬빌라 투숙 후기!
  ✓ 6분 전 | 서울약국 왔어요
  ✓ 6분 전 | 패스트트랙 신청합니다.
  ✓ 7분 전 | 호핑투어 할만할까요?
  ✓ 7분 전 | 투어 지각 할 경우
  ✓ 8분 전 | 혼여의 여유를 잠시나마 간접경험했던 마지막날
  ✓ 9분 전 | 아고다 결재
  ✓ 9분 전 | 롯데마트에서 이거보이면 꼭 사오세요~아지퀵
  ✓ 9분 전 | 출석합니다 ^^
  ✓ 11분 전 | (제목없음)
  ✓ 12분 전 | 베트남 플레이 가입완료!
  ✓ 12분 전 | 출석요^^*
  ✓ 12분 전 | 하루차이로 위탁수하물 미포함
  ✓ 12분 전 | (제목없음)
  ✓ 13분 전 | (제목없음)
  ✓ 13분 전 | 남프헝 후기입니다
  ✓ 13분 전 | 출첵합니당
  ✓ 14분 전 | 7월말 항공권
  ✓ 14분 전 | (제목없음)
  ✓ 14분 전 | (여행)산정호수
  ✓ 15분 전 | (제목없음)
  ✓ 16분 전 | 빈원더스 후기~
  카페 게시글 30개 발견
[store] meokitchen/blog/나트랑: +0 (총 320)
[store] meokitchen/cafe/나트랑: +0 (총 320)
[engine] meokitchen: 수집 118개, 언급 0건
블로그 검색 중: 푸꾸옥
  링크 30개, 시간 30개 발견
  ✓ 2시간 전 | 푸꾸옥 센즈 공항라운지 입장권 피크타임 PEAKTIME 300개 후기
  ✓ 4시간 전 | 푸꾸옥 렌트카 프라이빗 기사 포함 7/16인승 자유여행
  ✓ 2시간 전 | [푸꾸옥] 소나시 마사지: 델루나 스파 - 서비스가 미쳤음
  ✓ 1일 전 | 푸꾸옥 올인클루시브 패키지, 5성급 호텔 윈덤그랜드 예약 후기
  ✓ 3시간 전 | 푸꾸옥 골프 빈펄CC 예스츄리CC 후기
  ✓ 10시간 전 | 베트남 푸꾸옥 그랜드월드 맛집 카페 아이스크림 에어컨 후기
  ✓ 1일 전 | 푸꾸옥 남부 숙소 뉴월드 가든뷰 숙박 후기
  ✓ 1일 전 | 푸꾸옥 한식 배달 후기｜서기포차! 내돈내산 리얼 후기
  ✓ 1일 전 | 센스 있는 선물, 푸꾸옥 존스투어 선셋 오징어 낚시 투어
  ✓ 1일 전 | 베트남 푸꾸옥 패키지 올인클루시브 리조트 윈덤그랜드 초특가!
  ✓ 1일 전 | 외벌이 아빠의 1년에 1번 해외여행-베트남 가족자유 여행 1일차(하노이 
  ✓ 1일 전 | [푸꾸옥 여행 : 가성비 숙소 리조트 추천] 푸꾸옥 중부 엠빌리지 숙소 
  ✓ 1일 전 | 베트남 푸꾸옥 여행 코스 3박5일 경비 북부 가볼만한곳
  ✓ 1일 전 | 푸꾸옥 노보텔 호텔 소나시 야시장 환전 소개시켜줘야쥬ㅋㅅㅋ
  ✓ 1일 전 | [Ep1. 베트남 푸꾸옥] 진주농장 + 쿠킹클래스 + 바구니배
  ✓ 1일 전 | [부산 출발 / 푸꾸옥 도착] 내 맘대로 디자인하는 완벽한 호캉스! 베트
  ✓ 1일 전 | 푸꾸옥 남부 3섬 스노쿨링투어 존스투어(Trip3) 완벽 후기!
  ✓ 1일 전 | 푸꾸옥 3섬 스피드보트 스노쿨링투어로 특별한 바다 체험하기!
  ✓ 1일 전 | 푸꾸옥 남부 숙소ㅣ푸꾸옥 라페스타 숙소ㅣ라페스타 조식 두 번 먹은 솔직후
  ✓ 1일 전 | 윈덤그랜드 푸꾸옥 올인클루시브 패키지ㅣ할인 특가 비교 아이랑 여행 준비
  ✓ 3시간 전 | [PHUQUOC] 푸꾸옥 여행 선셋 명소 옥센 비치클럽 후기 Ocsen 
  ✓ 2시간 전 | 푸꾸옥 그랜드월드 벱냐(Bếp Nhà) 솔직후기, 분수쇼 명당이라더니 결
  ✓ 1일 전 | 베트남 푸꾸옥 가족여행 리조트 추천 모벤픽 빌라 앤 레지던스 후기
  ✓ 1일 전 | [내돈내산] 하나투어 2030 밍글링투어 베트남 푸꾸옥 후긔 4탄(마지막
  ✓ 1일 전 | 푸꾸옥 공항근처 마사지 추천 라온스파 앤 네일
  ✓ 4시간 전 | 푸꾸옥 뉴월드 리조트 개장 5주년 역대급 5박 패키지 및 조야 식당 오픈
  ✓ 1일 전 | 푸꾸옥 여행일지(240714~240724)
  ✓ 5시간 전 | 푸꾸옥 자유여행 :: 그랜드월드 일몰 맛집 벱냐 방문 후기
  ✓ 1일 전 | 푸꾸옥 즈엉동 맛집 해산물 전문식당 벱비엔 남부 맛집 등 소개
  ✓ 1일 전 | 푸꾸옥 킹콩마트 쇼핑리스트 내돈내산, 추천템 총정리
카페 검색 중: 푸꾸옥
  ✓ 3분 전 | 거동이 불편하신 부모님. 숙소 이동 괜찮을까요?
  ✓ 4분 전 | [
  ✓ 4분 전 | 출석합니다
  ✓ 4분 전 | ㅊㅊㅊㅊ
  ✓ 5분 전 | 출석합니다! 오늘도 파이팅~
  ✓ 7분 전 | 사파리 실시간임다
  ✓ 8분 전 | 혼여의 여유를 잠시나마 간접경험했던 마지막날 나트랑 씀모이시장과 도깨비제
  ✓ 8분 전 | 기분전환! 사무실 데스크 꾸미기ㅋ
  ✓ 9분 전 | 커피 머신
  ✓ 9분 전 | (제목없음)
  ✓ 11분 전 | 출석입니다
  ✓ 12분 전 | 베트남 플레이 가입완료!
  ✓ 13분 전 | 다이어트 시작했는데 변하는게 느껴져서 행복해여
  ✓ 13분 전 | 출첵~
  ✓ 13분 전 | 대전 자운대 쇼핑센터
  ✓ 15분 전 | 오늘의 밥~~먹자
  ✓ 15분 전 | 출석합니다
  ✓ 15분 전 | 계속 생각이 맴도네요
  ✓ 16분 전 | 마음이 왠지 가벼워지네요
  ✓ 17분 전 | 베트남
  ✓ 18분 전 | 출석입니다
  ✓ 18분 전 | 출이욧ㅇ
  ✓ 18분 전 | 출석체크요 반가워요
  ✓ 19분 전 | 출입니다~~
  ✓ 19분 전 | 저는 2관왕~
  ✓ 19분 전 | ㅊㅊㅊ
  ✓ 20분 전 | 출석입니다
  ✓ 20분 전 | 남부갈때 픽업 vs 그랩
  ✓ 20분 전 | 출석입니다
  ✓ 21분 전 | 출체크합니다
  카페 게시글 30개 발견
[store] tourpik/blog/푸꾸옥: +0 (총 227)
[store] tourpik/cafe/푸꾸옥: +0 (총 227)
블로그 검색 중: 나트랑
  링크 30개, 시간 30개 발견
  ✓ 1일 전 | 나트랑 신상 카페 : KATINAT COFFEE & TEA HOUSE
  ✓ 1일 전 | 나트랑 택시 추천, 그랩보다 싸고 카카오톡으로 편하게 예약 가능한 서비스
  ✓ 4시간 전 | [베트남 나트랑 여행] 나트랑 시내 가성비 맛집 & 베트남 가정식 레스토
  ✓ 1일 전 | 나트랑 시내 해산물맛집 씨푸드 벱비엔 짜오마오 등 랍스타 후기
  ✓ 1일 전 | 청주 나트랑 항공권 특가 가격 대구 부산 인천까지 총정리
  ✓ 1일 전 | 나트랑 | 쇼핑리스트 간식 추천 (샤오커오라캔디, 알펜리베젤리, 체리쉬 
  ✓ 3시간 전 | 나트랑 아이랑 여행 기념품 선물 쇼핑 담시장 흥정 방법
  ✓ 1일 전 | 나트랑 쇼핑리스트 쉐라톤 호텔 근처 Moonmilk 가격 총정리
  ✓ 1일 전 | 나트랑 여행의 필수코스, 한국어가이드와 함께하는 달랏 일일투어
  ✓ 1일 전 | 나트랑여행 선물가게 나트랑기념품 여기어때? GIFT SHOP
  ✓ 1시간 전 | 나트랑 자유여행 패키지 머드온천 스노쿨링 시내관광 일정
  ✓ 5시간 전 | 스완도르 나트랑 키즈클럽 프로그램 시간표 체험후기
  ✓ 6시간 전 | 나트랑 풀빌라에서 위베런 스노클링 마스크 만족후기
  ✓ 1일 전 | 나트랑 아이랑 가볼만한곳 교감형 카피바라카페 이용요금 및 후기
  ✓ 1일 전 | [나트랑 여행] 35개월 아이와 함께한 판랑 투어 1탄! (feat. 베
  ✓ 1일 전 | 나트랑쇼핑리스트 먹거리 선물용 소개
  ✓ 5시간 전 | 나트랑 | 자유여행 가족여행 day2 (디셈버호텔, 담시장, 짜오마오, 
  ✓ 1일 전 | 나트랑 빈펄 럭셔리 후기, 장단점 총정리｜돈값 하는 5성급 리조트일까?
  ✓ 1일 전 | 나트랑 화란섬 원숭이섬 투어 현지인 추천 코스 경험담
  ✓ 5시간 전 | 나트랑 출발 달랏 렌트카 프라이빗 차량 택시투어, 꿈같던 여행의 시작! 
  ✓ 1일 전 | 나트랑숙소 추천 알마리조트 해수욕장 프라이빗 해변 스노클링
  ✓ 1시간 전 | 나트랑여행 담시장 말고 롯데마트에서 사야할 쇼핑리스트 정리 (가격/배달/
  ✓ 4시간 전 | 나트랑 아미아나 알리부리조트 근처 해산물 맛집 Quan Ngon Do 꽌
  ✓ 1일 전 | 나트랑 현지식 맛집 마담프엉 메뉴 반쎄오 쌀국수 분짜
  ✓ 1일 전 | 나트랑 랑응온, 밤 분위기 미쳐버린 식당, 메인 말고 튀김 안주에 맥주 
  ✓ 1일 전 | 나트랑로컬맛집 안어이 왕갈비쌀국수 추천
  ✓ 1일 전 | 나트랑 깜란 한식당 픽드랍무료식당 스푼 하랑식당 두 곳 다녀온 후기
  ✓ 5시간 전 | 나트랑 나짱센터 완벽 가이드 | 롤러장·VR·네컷까지 하루 코스로 즐기는
  ✓ 1일 전 | 나트랑여행 4일차 | 나트랑 여행 중 인생 딤섬집을 만났다 2번 간 현지
  ✓ 1일 전 | 나트랑 0.5박 호텔 벌레 없는 곳 레스참 호텔
카페 검색 중: 나트랑
  ✓ 2분 전 | 오늘 새벽 영화 한편 봤네요
  ✓ 3분 전 | 점메추! 매운철판돈까스
  ✓ 4분 전 | [푸꾸옥] 트래블카드 신청 합니다
  ✓ 4분 전 | vip 카드 질문이요
  ✓ 4분 전 | 이제 해야할일..
  ✓ 4분 전 | 출석합니다
  ✓ 4분 전 | ㅊㅊㅊㅊ
  ✓ 4분 전 | 태교여행으로 사막투어
  ✓ 5분 전 | 휴일은 폭식의 날이었습니다 ㅋㅋㅋㅋ
  ✓ 5분 전 | ⛅소소리만추 # 저 내일 건강검진해요
  ✓ 6분 전 | 요즘 수박이 제철 달달✨하고 맛있어요
  ✓ 6분 전 | 그란멜리아 3베드룸 러쉬빌라 투숙 후기!
  ✓ 6분 전 | 서울약국 왔어요
  ✓ 6분 전 | 패스트트랙 신청합니다.
  ✓ 7분 전 | 호핑투어 할만할까요?
  ✓ 7분 전 | 투어 지각 할 경우
  ✓ 8분 전 | 혼여의 여유를 잠시나마 간접경험했던 마지막날
  ✓ 9분 전 | 커피 머신
  ✓ 9분 전 | 아고다 결재
  ✓ 9분 전 | 롯데마트에서 이거보이면 꼭 사오세요~아지퀵
  ✓ 9분 전 | 출석합니다 ^^
  ✓ 11분 전 | (제목없음)
  ✓ 11분 전 | 출석입니다
  ✓ 12분 전 | 베트남 플레이 가입완료!
  ✓ 12분 전 | 출석요^^*
  ✓ 12분 전 | 하루차이로 위탁수하물 미포함
  ✓ 12분 전 | (제목없음)
  ✓ 13분 전 | 다이어트 시작했는데 변하는게 느껴져서 행복해여
  ✓ 13분 전 | 출첵~
  ✓ 13분 전 | (제목없음)
  카페 게시글 30개 발견
[store] tourpik/blog/나트랑: +0 (총 227)
[store] tourpik/cafe/나트랑: +0 (총 227)
[engine] tourpik: 수집 120개, 언급 0건
